2022-12-02 22:12:07,443 - logger.gui_app.main - INFO - get input ['привет']
2022-12-02 22:12:07,443 - logger.gui_app.main - INFO - send input ['привет']
2022-12-02 22:12:07,443 - logger.chatbot.main - INFO - get input ['привет']
2022-12-02 22:12:10,645 - logger.chatbot.main - INFO - send output [' привет']
2022-12-02 22:12:10,659 - logger.weather.main - INFO - get input ['привет']
2022-12-02 22:12:10,664 - logger.gui_app.main - INFO - print output [' привет']
2022-12-02 22:12:15,116 - logger.gui_app.main - INFO - get input ['кто ты']
2022-12-02 22:12:15,116 - logger.gui_app.main - INFO - send input ['кто ты']
2022-12-02 22:12:15,116 - logger.chatbot.main - INFO - get input ['кто ты']
2022-12-02 22:12:16,101 - logger.chatbot.main - INFO - send output [' я недоработанная нейронная сеть которую не любит создатель так как он не хочет дать мне имя']
2022-12-02 22:12:16,105 - logger.weather.main - INFO - get input ['кто ты']
2022-12-02 22:12:16,117 - logger.gui_app.main - INFO - print output [' я недоработанная нейронная сеть которую не любит создатель так как он не хочет дать мне имя']
2022-12-02 22:12:26,575 - logger.gui_app.main - INFO - get input ['погода сочи']
2022-12-02 22:12:26,575 - logger.gui_app.main - INFO - send input ['погода сочи']
2022-12-02 22:12:26,575 - logger.chatbot.main - INFO - get input ['погода сочи']
2022-12-02 22:12:26,784 - logger.chatbot.main - INFO - send output [' сейчас узнаю']
2022-12-02 22:12:26,787 - logger.weather.main - INFO - get input ['погода сочи']
2022-12-02 22:12:27,273 - logger.gui_app.main - INFO - print output [' сейчас узнаю', 'В городе Сочи температура 11.9°C и Переменная облачность, дождь']
2022-12-02 22:12:35,719 - logger.gui_app.main - INFO - get input ['открой новую вкладку']
2022-12-02 22:12:35,719 - logger.gui_app.main - INFO - send input ['открой новую вкладку']
2022-12-02 22:12:35,719 - logger.chatbot.main - INFO - get input ['открой новую вкладку']
2022-12-02 22:12:35,944 - logger.chatbot.main - INFO - send output [' сейчас узнаю']
2022-12-02 22:12:35,947 - logger.weather.main - INFO - get input ['открой новую вкладку']
2022-12-02 22:12:35,953 - logger.gui_app.main - INFO - print output [' сейчас узнаю']
2022-12-02 22:12:49,300 - logger.gui_app.main - INFO - get input ['переключись на первую вкладку']
2022-12-02 22:12:49,300 - logger.gui_app.main - INFO - send input ['переключись на первую вкладку']
2022-12-02 22:12:49,300 - logger.chatbot.main - INFO - get input ['переключись на первую вкладку']
2022-12-02 22:12:49,510 - logger.chatbot.main - INFO - send output [' сейчас узнаю']
2022-12-02 22:12:49,515 - logger.weather.main - INFO - get input ['переключись на первую вкладку']
2022-12-02 22:12:49,522 - logger.gui_app.main - INFO - print output [' сейчас узнаю']
2022-12-02 22:13:01,188 - logger.gui_app.main - INFO - get input ['переключись на 1 вкладку']
2022-12-02 22:13:01,188 - logger.gui_app.main - INFO - send input ['переключись на 1 вкладку']
2022-12-02 22:13:01,188 - logger.chatbot.main - INFO - get input ['переключись на 1 вкладку']
2022-12-02 22:13:01,398 - logger.chatbot.main - INFO - send output [' сейчас узнаю']
2022-12-02 22:13:01,402 - logger.weather.main - INFO - get input ['переключись на 1 вкладку']
2022-12-02 22:13:01,409 - logger.gui_app.main - INFO - print output [' сейчас узнаю']
2022-12-02 22:13:12,016 - logger.gui_app.main - INFO - get input ['закрой вкладку']
2022-12-02 22:13:12,016 - logger.gui_app.main - INFO - send input ['закрой вкладку']
2022-12-02 22:13:12,016 - logger.chatbot.main - INFO - get input ['закрой вкладку']
2022-12-02 22:13:12,231 - logger.chatbot.main - INFO - send output [' сейчас узнаю']
2022-12-02 22:13:12,234 - logger.weather.main - INFO - get input ['закрой вкладку']
2022-12-02 22:13:12,239 - logger.gui_app.main - INFO - print output [' сейчас узнаю']
2022-12-02 22:13:42,947 - logger.gui_app.main - INFO - exit
